96b237ef0bc34bcf2c51a64906473d6c en/Border_Collie
f103b9e0b836057e18d827910f02e508 en/Canine_reproduction
c7762d3855b9b0fa05a39bd06d494b4e en/Dog
9472b41104ba6e48c3be29c3b7973149 en/Dog_behavior
07235f14d80acb21536fbb40dbc35c34 en/Dog_communication
dbdf9b48d524d1f1a5c499235d02ad20 en/Dog_intelligence
7e53589ddb6fa9da41f6711a0e7c10e0 en/English_Cocker_Spaniel
95fb1fb4f9ee14e7dd954619a925c695 en/English_Springer_Spaniel
e3eb6ffabbf90592c873f4bec57bfac7 en/German_Shepherd
c5fe0239f02a4f1323fdb4b4176d3c55 en/Golden_Retriever
961fac5778859a43028cef2720b74d46 en/Herding_dog
b89db99fd05030654ed687d478342a78 en/Labrador_Retriever
d88ba5a29a254cfde9ad3b1094cb2ce9 en/Lap_dog
c02ea45fe98ef10612d2c220d2182ca0 en/List_of_most_popular_dog_breeds
4e8dd32001064006ed643a7a4f414847 en/Pack_hunter
03b745c946d0b04a56309e334e2fc4c3 en/Poodle
b20ff16de243d6abf367cb1f5f6c9422 en/Staffordshire_Bull_Terrier
f591bdd7872c1317dcbf559ec92d3096 en/Yorkshire_Terrier
munging: 96b237ef0bc34bcf2c51a64906473d6c
munging: f103b9e0b836057e18d827910f02e508
munging: c7762d3855b9b0fa05a39bd06d494b4e
munging: 9472b41104ba6e48c3be29c3b7973149
munging: 07235f14d80acb21536fbb40dbc35c34
munging: dbdf9b48d524d1f1a5c499235d02ad20
munging: 7e53589ddb6fa9da41f6711a0e7c10e0
munging: 95fb1fb4f9ee14e7dd954619a925c695
munging: e3eb6ffabbf90592c873f4bec57bfac7
munging: c5fe0239f02a4f1323fdb4b4176d3c55
munging: 961fac5778859a43028cef2720b74d46
munging: b89db99fd05030654ed687d478342a78
munging: d88ba5a29a254cfde9ad3b1094cb2ce9
munging: c02ea45fe98ef10612d2c220d2182ca0
munging: 4e8dd32001064006ed643a7a4f414847
munging: 03b745c946d0b04a56309e334e2fc4c3
munging: b20ff16de243d6abf367cb1f5f6c9422
munging: f591bdd7872c1317dcbf559ec92d3096
96b237ef0bc34bcf2c51a64906473d6c en/Border_Collie
f103b9e0b836057e18d827910f02e508 en/Canine_reproduction
c7762d3855b9b0fa05a39bd06d494b4e en/Dog
9472b41104ba6e48c3be29c3b7973149 en/Dog_behavior
07235f14d80acb21536fbb40dbc35c34 en/Dog_communication
dbdf9b48d524d1f1a5c499235d02ad20 en/Dog_intelligence
7e53589ddb6fa9da41f6711a0e7c10e0 en/English_Cocker_Spaniel
95fb1fb4f9ee14e7dd954619a925c695 en/English_Springer_Spaniel
e3eb6ffabbf90592c873f4bec57bfac7 en/German_Shepherd
c5fe0239f02a4f1323fdb4b4176d3c55 en/Golden_Retriever
961fac5778859a43028cef2720b74d46 en/Herding_dog
b89db99fd05030654ed687d478342a78 en/Labrador_Retriever
d88ba5a29a254cfde9ad3b1094cb2ce9 en/Lap_dog
c02ea45fe98ef10612d2c220d2182ca0 en/List_of_most_popular_dog_breeds
4e8dd32001064006ed643a7a4f414847 en/Pack_hunter
03b745c946d0b04a56309e334e2fc4c3 en/Poodle
b20ff16de243d6abf367cb1f5f6c9422 en/Staffordshire_Bull_Terrier
f591bdd7872c1317dcbf559ec92d3096 en/Yorkshire_Terrier
munging: 96b237ef0bc34bcf2c51a64906473d6c
munging: f103b9e0b836057e18d827910f02e508
munging: c7762d3855b9b0fa05a39bd06d494b4e
munging: 9472b41104ba6e48c3be29c3b7973149
munging: 07235f14d80acb21536fbb40dbc35c34
munging: dbdf9b48d524d1f1a5c499235d02ad20
munging: 7e53589ddb6fa9da41f6711a0e7c10e0
munging: 95fb1fb4f9ee14e7dd954619a925c695
munging: e3eb6ffabbf90592c873f4bec57bfac7
munging: c5fe0239f02a4f1323fdb4b4176d3c55
munging: 961fac5778859a43028cef2720b74d46
munging: b89db99fd05030654ed687d478342a78
munging: d88ba5a29a254cfde9ad3b1094cb2ce9
munging: c02ea45fe98ef10612d2c220d2182ca0
munging: 4e8dd32001064006ed643a7a4f414847
munging: 03b745c946d0b04a56309e334e2fc4c3
munging: b20ff16de243d6abf367cb1f5f6c9422
munging: f591bdd7872c1317dcbf559ec92d3096
